uptime: 
  10:44:51 up 2 min,  1 user,  load average: 0,71, 0,50, 0,20

current users: 
 rogers1275 :1           2021-03-23 10:43 (:1)

last logins: 
 rogers12 :1           :1               Tue Mar 23 10:43   still logged in
reboot   system boot  5.4.0-67-generic Tue Mar 23 10:42   still running
rogers12 :1           :1               Mon Mar 22 20:10 - crash  (14:32)
reboot   system boot  5.4.0-67-generic Mon Mar 22 20:09   still running
rogers12 :1           :1               Sun Mar 21 18:35 - crash (1+01:34)
reboot   system boot  5.4.0-67-generic Sun Mar 21 18:35   still running
rogers12 :0           :0               Sun Mar 21 12:21 - crash  (06:13)
reboot   system boot  5.4.0-67-generic Sun Mar 21 12:20   still running
rogers12 :1           :1               Mon Mar 15 15:10 - crash (5+21:10)
reboot   system boot  5.4.0-66-generic Mon Mar 15 15:10   still running
rogers12 :1           :1               Fri Mar 12 23:04 - crash (2+16:06)
reboot   system boot  5.4.0-66-generic Fri Mar 12 23:03   still running
rogers12 :1           :1               Fri Mar 12 11:05 - crash  (11:58)
reboot   system boot  5.4.0-66-generic Fri Mar 12 11:04   still running
rogers12 :1           :1               Thu Mar 11 13:27 - crash  (21:37)
reboot   system boot  5.4.0-66-generic Thu Mar 11 13:26   still running
rogers12 :1           :1               Wed Mar 10 11:30 - crash (1+01:56)
reboot   system boot  5.4.0-66-generic Wed Mar 10 11:28   still running
rogers12 :1           :1               Tue Mar  9 14:29 - crash  (20:58)
reboot   system boot  5.4.0-66-generic Tue Mar  9 14:29   still running
rogers12 :1           :1               Tue Mar  9 09:54 - crash  (04:35)
reboot   system boot  5.4.0-66-generic Tue Mar  9 09:53   still running
rogers12 :1           :1               Tue Mar  9 01:12 - crash  (08:41)
reboot   system boot  5.4.0-66-generic Tue Mar  9 01:03   still running

wtmp розпочинає Tue Mar  9 01:03:41 2021

top-10 processes by RAM/CPU usage: 
   PID  PPID CMD                         %MEM %CPU
 1533  1410 /usr/bin/gnome-shell         8.1  6.2
 1140  1056 /usr/bin/gnome-shell         6.2  2.7
 2251  1410 /usr/bin/gnome-software --g  5.1  9.4
 1401  1399 /usr/lib/xorg/Xorg vt2 -dis  4.2  1.4
 1772  1381 /usr/lib/evolution/evolutio  2.0  0.3
 1739  1410 nautilus-desktop             1.9  0.9
 1783  1772 /usr/lib/evolution/evolutio  1.9  0.3
  971   969 /usr/lib/xorg/Xorg vt1 -dis  1.3  0.3
 1254     1 /usr/lib/packagekit/package  1.1  5.7

open tcp/udp ports: 
 Netid  State    Recv-Q   Send-Q      Local Address:Port      Peer Address:Port  
udp    UNCONN   0        0                 0.0.0.0:5353           0.0.0.0:*     
udp    UNCONN   0        0                 0.0.0.0:57044          0.0.0.0:*     
udp    UNCONN   0        0           127.0.0.53%lo:53             0.0.0.0:*     
udp    UNCONN   0        0                 0.0.0.0:68             0.0.0.0:*     
udp    UNCONN   0        0                 0.0.0.0:631            0.0.0.0:*     
udp    UNCONN   0        0                    [::]:5353              [::]:*     
udp    UNCONN   0        0                    [::]:38714             [::]:*     
tcp    LISTEN   0        10              127.0.0.1:25             0.0.0.0:*     
tcp    LISTEN   0        10              127.0.0.1:587            0.0.0.0:*     
tcp    LISTEN   0        128         127.0.0.53%lo:53             0.0.0.0:*     
tcp    LISTEN   0        5               127.0.0.1:631            0.0.0.0:*     
tcp    LISTEN   0        5                   [::1]:631               [::]:*     

virtual memory usage: 
               загалом       використ.   вільна    спільна буфери/кеш   дост.
Пам.:     3285776     1010920     1264484       43188     1010372     2069492
Своп.:      673784           0      673784

usage of disk space: 
 Ф. система      Розм   Вик  Дост Вик% змонтований на
udev            1,6G     0  1,6G   0% /dev
tmpfs           321M  1,6M  320M   1% /run
/dev/sda1        14G   11G  2,4G  82% /
tmpfs           1,6G     0  1,6G   0% /dev/shm
tmpfs           5,0M  4,0K  5,0M   1% /run/lock
tmpfs           1,6G     0  1,6G   0% /sys/fs/cgroup
/dev/loop0      4,3M  4,3M     0 100% /snap/gnome-calculator/544
/dev/loop2       56M   56M     0 100% /snap/core18/1988
/dev/loop3      2,3M  2,3M     0 100% /snap/gnome-system-monitor/157
/dev/loop4       65M   65M     0 100% /snap/gtk-common-themes/1514
/dev/loop1      640K  640K     0 100% /snap/gnome-logs/103
/dev/loop5      384K  384K     0 100% /snap/gnome-characters/570
/dev/loop6      100M  100M     0 100% /snap/core/10908
/dev/loop7      163M  163M     0 100% /snap/gnome-3-28-1804/145
/dev/loop8      161M  161M     0 100% /snap/gnome-3-28-1804/116
/dev/loop9       45M   45M     0 100% /snap/gtk-common-themes/1440
/dev/loop10      55M   55M     0 100% /snap/core18/1668
/dev/loop11     100M  100M     0 100% /snap/core/10859
/dev/loop13     2,5M  2,5M     0 100% /snap/gnome-calculator/884
/dev/loop12     1,0M  1,0M     0 100% /snap/gnome-logs/81
/dev/loop14     219M  219M     0 100% /snap/gnome-3-34-1804/66
/dev/loop15     3,8M  3,8M     0 100% /snap/gnome-system-monitor/127
/dev/loop16      15M   15M     0 100% /snap/gnome-characters/399
tmpfs           321M   12K  321M   1% /run/user/121
tmpfs           321M   28K  321M   1% /run/user/1000
